<?xml version="1.0" encoding="UTF-8"?>
<!-- Generated by org.testng.reporters.JUnitReportReporter -->
<testsuite skipped="0" hostname="DESKTOP-81M737A" name="MoneyTransferAppTest.UserProfileProcessorTest" tests="5" failures="0" timestamp="08 Sep 2017 23:51:04 GMT" time="0.026" errors="0">
  <testcase name="testIsUserAddedSuccessfullyForAlphnumercId" time="0.002" classname="MoneyTransferAppTest.UserProfileProcessorTest"/>
  <testcase name="testIsUserAddedForBlankUserName" time="0.001" classname="MoneyTransferAppTest.UserProfileProcessorTest"/>
  <testcase name="testIsUserAddedForBlankUserAddress" time="0.019" classname="MoneyTransferAppTest.UserProfileProcessorTest"/>
  <testcase name="testIsUserAddedForNonNumericContactNumber" time="0.002" classname="MoneyTransferAppTest.UserProfileProcessorTest"/>
  <testcase name="testIsUserAddedSuccessfully" time="0.002" classname="MoneyTransferAppTest.UserProfileProcessorTest"/>
</testsuite> <!-- MoneyTransferAppTest.UserProfileProcessorTest -->
